{
  "stats": {
    "suites": 3,
    "tests": 11,
    "passes": 11,
    "pending": 1,
    "failures": -1,
    "start": "2024-01-31T18:25:35.870Z",
    "end": "2024-01-31T18:26:14.482Z",
    "duration": 38612,
    "testsRegistered": 12,
    "passPercent": 100,
    "pendingPercent": 8.333333333333332,
    "other": 1,
    "hasOther": true,
    "skipped": 0,
    "hasSkipped": false
  },
  "results": [
    {
      "uuid": "59e95dd9-98f6-477e-8bd7-266c087c7f12",
      "title": "",
      "fullFile": "cypress/e2e/allSpec.cy.js",
      "file": "cypress/e2e/allSpec.cy.js",
      "beforeHooks": [],
      "afterHooks": [],
      "tests": [],
      "suites": [
        {
          "uuid": "c5a28a83-f854-4113-8d86-4f40c05658ac",
          "title": "Automate demo easy",
          "fullFile": "",
          "file": "",
          "beforeHooks": [],
          "afterHooks": [],
          "tests": [
            {
              "title": "user can view web page image",
              "fullTitle": "Automate demo easy user can view web page image",
              "timedOut": null,
              "duration": 7869,
              "state": "passed",
              "speed": "medium",
              "pass": true,
              "fail": false,
              "pending": false,
              "context": null,
              "code": "cy.get(el.siteImage).should(\"be.visible\");",
              "err": {},
              "uuid": "3bb1a773-1a96-4cb6-8ba4-475e0620660a",
              "parentUUID": "c5a28a83-f854-4113-8d86-4f40c05658ac",
              "isHook": false,
              "skipped": false
            },
            {
              "title": "user can click on input forms drop down button",
              "fullTitle": "Automate demo easy user can click on input forms drop down button",
              "timedOut": null,
              "duration": 90,
              "state": "passed",
              "speed": "fast",
              "pass": true,
              "fail": false,
              "pending": false,
              "context": null,
              "code": "cy.get(el.inputFormsDropDownButton).click();",
              "err": {},
              "uuid": "84a69555-cd79-4f23-a752-72e4fa570407",
              "parentUUID": "c5a28a83-f854-4113-8d86-4f40c05658ac",
              "isHook": false,
              "skipped": false
            },
            {
              "title": "user can view simple form demo button and click on it",
              "fullTitle": "Automate demo easy user can view simple form demo button and click on it",
              "timedOut": null,
              "duration": 507,
              "state": "passed",
              "speed": "fast",
              "pass": true,
              "fail": false,
              "pending": false,
              "context": null,
              "code": "cy.get(el.simpleFormDemoButton).should(\"be.visible\").click();",
              "err": {},
              "uuid": "2903ba45-5333-481b-95c0-5a17b0891fbf",
              "parentUUID": "c5a28a83-f854-4113-8d86-4f40c05658ac",
              "isHook": false,
              "skipped": false
            },
            {
              "title": "user can type on the message field",
              "fullTitle": "Automate demo easy user can type on the message field",
              "timedOut": null,
              "duration": 386,
              "state": "passed",
              "speed": "fast",
              "pass": true,
              "fail": false,
              "pending": false,
              "context": null,
              "code": "cy.get(el.messageField).type(el.message);",
              "err": {},
              "uuid": "832e04df-3f13-453f-b127-b8864efad23f",
              "parentUUID": "c5a28a83-f854-4113-8d86-4f40c05658ac",
              "isHook": false,
              "skipped": false
            },
            {
              "title": "user can click on show message button to view message",
              "fullTitle": "Automate demo easy user can click on show message button to view message",
              "timedOut": null,
              "duration": 81,
              "state": "passed",
              "speed": "fast",
              "pass": true,
              "fail": false,
              "pending": false,
              "context": null,
              "code": "cy.get(el.showMessage).click();",
              "err": {},
              "uuid": "e761332b-a888-464b-98c7-e67fa281c0e4",
              "parentUUID": "c5a28a83-f854-4113-8d86-4f40c05658ac",
              "isHook": false,
              "skipped": false
            },
            {
              "title": "user can input on value A field",
              "fullTitle": "Automate demo easy user can input on value A field",
              "timedOut": null,
              "duration": 11,
              "state": "passed",
              "speed": "fast",
              "pass": true,
              "fail": false,
              "pending": false,
              "context": null,
              "code": "cy.get(el.value1Field).scrollIntoView().fill(3);",
              "err": {},
              "uuid": "728aefea-7879-4cc0-95f1-89824da3d96a",
              "parentUUID": "c5a28a83-f854-4113-8d86-4f40c05658ac",
              "isHook": false,
              "skipped": false
            },
            {
              "title": "user can input on value B field",
              "fullTitle": "Automate demo easy user can input on value B field",
              "timedOut": null,
              "duration": 6,
              "state": "passed",
              "speed": "fast",
              "pass": true,
              "fail": false,
              "pending": false,
              "context": null,
              "code": "cy.get(el.value2Field).scrollIntoView().fill(3);",
              "err": {},
              "uuid": "55dd177b-a60e-40f5-b021-26849eeae832",
              "parentUUID": "c5a28a83-f854-4113-8d86-4f40c05658ac",
              "isHook": false,
              "skipped": false
            },
            {
              "title": "user can click on get total button",
              "fullTitle": "Automate demo easy user can click on get total button",
              "timedOut": null,
              "duration": 79,
              "state": "passed",
              "speed": "fast",
              "pass": true,
              "fail": false,
              "pending": false,
              "context": null,
              "code": "cy.get(el.getTotalButton).click();",
              "err": {},
              "uuid": "b3943cb9-10aa-47e6-8de5-f79c88be3513",
              "parentUUID": "c5a28a83-f854-4113-8d86-4f40c05658ac",
              "isHook": false,
              "skipped": false
            }
          ],
          "suites": [],
          "passes": [
            "3bb1a773-1a96-4cb6-8ba4-475e0620660a",
            "84a69555-cd79-4f23-a752-72e4fa570407",
            "2903ba45-5333-481b-95c0-5a17b0891fbf",
            "832e04df-3f13-453f-b127-b8864efad23f",
            "e761332b-a888-464b-98c7-e67fa281c0e4",
            "728aefea-7879-4cc0-95f1-89824da3d96a",
            "55dd177b-a60e-40f5-b021-26849eeae832",
            "b3943cb9-10aa-47e6-8de5-f79c88be3513"
          ],
          "failures": [],
          "pending": [],
          "skipped": [],
          "duration": 9029,
          "root": false,
          "rootEmpty": false,
          "_timeout": 2000
        },
        {
          "uuid": "1fe12f79-c755-447f-8fa6-81c49137336d",
          "title": "creating custom login commands",
          "fullFile": "",
          "file": "",
          "beforeHooks": [],
          "afterHooks": [],
          "tests": [
            {
              "title": "user can login successfully",
              "fullTitle": "creating custom login commands user can login successfully",
              "timedOut": null,
              "duration": 0,
              "state": "pending",
              "speed": null,
              "pass": false,
              "fail": false,
              "pending": true,
              "context": null,
              "code": "//cy.login()\ncy.login2(el.username, el.password);",
              "err": {},
              "uuid": "3e3605bd-9d0b-4128-b9d9-cea3ca2f27e1",
              "parentUUID": "1fe12f79-c755-447f-8fa6-81c49137336d",
              "isHook": false,
              "skipped": false
            },
            {
              "title": "user can login using reusable functions",
              "fullTitle": "creating custom login commands user can login using reusable functions",
              "timedOut": null,
              "duration": 2837,
              "state": "passed",
              "speed": "fast",
              "pass": true,
              "fail": false,
              "pending": false,
              "context": null,
              "code": "cy.tyAssert(\"command\", el.usernameField, el.username);\ncy.tyAssert('command', el.passwordField, el.password);\ncy.pressDown(\"command\", el.loginButton);",
              "err": {},
              "uuid": "31080ce1-3c05-4f37-97df-d7d82a7dabe1",
              "parentUUID": "1fe12f79-c755-447f-8fa6-81c49137336d",
              "isHook": false,
              "skipped": false
            },
            {
              "title": "complete shopping",
              "fullTitle": "creating custom login commands complete shopping",
              "timedOut": null,
              "duration": 458,
              "state": "passed",
              "speed": "fast",
              "pass": true,
              "fail": false,
              "pending": false,
              "context": null,
              "code": "cy.get(\":nth-child(1) > .pricebar > .btn_primary\").click();\ncy.get(\".fa-layers-counter\").click();",
              "err": {},
              "uuid": "3f4db04b-eabf-4afa-abe6-23580df76d8e",
              "parentUUID": "1fe12f79-c755-447f-8fa6-81c49137336d",
              "isHook": false,
              "skipped": false
            }
          ],
          "suites": [],
          "passes": [
            "31080ce1-3c05-4f37-97df-d7d82a7dabe1",
            "3f4db04b-eabf-4afa-abe6-23580df76d8e"
          ],
          "failures": [],
          "pending": [
            "3e3605bd-9d0b-4128-b9d9-cea3ca2f27e1"
          ],
          "skipped": [],
          "duration": 3295,
          "root": false,
          "rootEmpty": false,
          "_timeout": 2000
        },
        {
          "uuid": "88475627-dc00-4491-aac8-957b8a7a4824",
          "title": "Upload document",
          "fullFile": "",
          "file": "",
          "beforeHooks": [],
          "afterHooks": [],
          "tests": [
            {
              "title": "user can upload document",
              "fullTitle": "Upload document user can upload document",
              "timedOut": null,
              "duration": 12872,
              "state": "passed",
              "speed": "slow",
              "pass": true,
              "fail": false,
              "pending": false,
              "context": null,
              "code": "cy.xpath(\"/html/body/div[2]/div/div[1]/form/input[1]\").attachFile(\"testify.png\");\ncy.get(el.uploadButton).click();",
              "err": {},
              "uuid": "0325c948-770f-480c-bdda-8d6ea2477e9f",
              "parentUUID": "88475627-dc00-4491-aac8-957b8a7a4824",
              "isHook": false,
              "skipped": false
            }
          ],
          "suites": [],
          "passes": [
            "0325c948-770f-480c-bdda-8d6ea2477e9f"
          ],
          "failures": [],
          "pending": [],
          "skipped": [],
          "duration": 12872,
          "root": false,
          "rootEmpty": false,
          "_timeout": 2000
        }
      ],
      "passes": [],
      "failures": [],
      "pending": [],
      "skipped": [],
      "duration": 0,
      "root": true,
      "rootEmpty": true,
      "_timeout": 2000
    }
  ],
  "meta": {
    "mocha": {
      "version": "7.0.1"
    },
    "mochawesome": {
      "options": {
        "quiet": false,
        "reportFilename": "mochawesome",
        "saveHtml": true,
        "saveJson": true,
        "consoleReporter": "spec",
        "useInlineDiffs": false,
        "code": true
      },
      "version": "7.1.3"
    },
    "marge": {
      "options": {
        "charts": true,
        "overwrite": true,
        "html": true,
        "json": true,
        "reportDir": "cypress/report"
      },
      "version": "6.2.0"
    }
  }
}